[www.tarjetas.cool/modelos/cumple/seleccion_argentina/index.html]
[cdn.jsdelivr.net/npm/bootstrap@5.1.3/dist/css/bootstrap.min.css]
[backblue.gif]
[fade.gif]
[index.html]
[cdn.jsdelivr.net/npm/bootstrap-icons@1.9.1/font/bootstrap-icons.css]
[www.tarjetas.cool/modelos/cumple/seleccion_argentina/css/styles1bce.css]
[www.tarjetas.cool/favicon-32x32.png]
[www.tarjetas.cool/favicon-16x16.png]
[www.tarjetas.cool/modelos/cumple/seleccion_argentina/img/logo_animado.gif]
[www.tarjetas.cool/modelos/cumple/seleccion_argentina/img/qatarvideo.mp4]
[www.tarjetas.cool/modelos/cumple/seleccion_argentina/img/foto1.jpg]
[www.tarjetas.cool/modelos/cumple/seleccion_argentina/sounds/audio30f4.mp3]
[www.tarjetas.cool/modelos/cumple/seleccion_argentina/img/cinta.png]
[cdn.jsdelivr.net/npm/bootstrap@5.1.3/dist/js/bootstrap.bundle.min.js]
[www.tarjetas.cool/modelos/cumple/seleccion_argentina/js/card7b30.js]
[www.tarjetas.cool/modelos/cumple/seleccion_argentina/index.html]
[cdn.jsdelivr.net/npm/bootstrap@5.1.3/dist/css/bootstrap.min.css]
[cdn.jsdelivr.net/npm/bootstrap-icons@1.9.1/font/fonts/bootstrap-iconsd862.woff2]
[cdn.jsdelivr.net/npm/bootstrap-icons@1.9.1/font/fonts/bootstrap-iconsd862.woff]
[cdn.jsdelivr.net/npm/bootstrap-icons@1.9.1/font/bootstrap-icons.css]
[www.tarjetas.cool/modelos/cumple/seleccion_argentina/fonts/qatar.ttf]
[www.tarjetas.cool/modelos/cumple/seleccion_argentina/img/fondo_tarjeta3860.jpg]
[www.tarjetas.cool/modelos/cumple/seleccion_argentina/css/styles1bce.css]
[www.tarjetas.cool/modelos/cumple/seleccion_argentina/js/card7b30.js]
